<?xml version="1.0" encoding="UTF-8"?>
<!-- Generated by org.testng.reporters.JUnitReportReporter -->
<testsuite hostname="DESKTOP-HRG78UR" failures="0" tests="1" name="Ecom.E_CommerceApiTest" time="6.337" errors="0" timestamp="2022-11-20T21:14:19 IST" skipped="0">
  <testcase classname="Ecom.E_CommerceApiTest" name="main" time="6.337"/>
  <system-out/>
</testsuite> <!-- Ecom.E_CommerceApiTest -->
